<?xml version="1.0" encoding="UTF-8"?>
<!-- Generated by org.testng.reporters.JUnitReportReporter -->
<testsuite hostname="DESKTOP-PQAQEE1" failures="0" tests="4" name="Listiner.TestNGListenersDemo" time="0.027" errors="0" timestamp="2022-07-22T15:47:25 WAT" skipped="0">
  <testcase classname="Listiner.TestNGListenersDemo" name="Test1" time="0.019"/>
  <system-out/>
  <testcase classname="Listiner.TestNGListenersDemo" name="Test3" time="0.003"/>
  <system-out/>
  <testcase classname="Listiner.TestNGListenersDemo" name="Test4" time="0.003"/>
  <system-out/>
  <testcase classname="Listiner.TestNGListenersDemo" name="Test2" time="0.002"/>
  <system-out/>
</testsuite> <!-- Listiner.TestNGListenersDemo -->
