<?xml version="1.0" encoding="UTF-8"?>
<!-- Generated by org.testng.reporters.JUnitReportReporter -->
<testsuite hostname="DESKTOP-PQAQEE1" failures="0" tests="1" name="demo3.SeleniumLoginTest" time="25.839" errors="0" timestamp="2022-07-28T10:37:58 WAT" skipped="0">
  <testcase classname="demo3.SeleniumLoginTest" name="TestOnGoogle" time="25.839"/>
  <system-out/>
</testsuite> <!-- demo3.SeleniumLoginTest -->
