<?xml version="1.0" encoding="UTF-8"?>
<!-- Generated by org.testng.reporters.JUnitReportReporter -->
<testsuite skipped="0" hostname="DESKTOP-PQAQEE1" name="demo3.SeleniumLoginTest" tests="1" failures="0" timestamp="2022-07-29T09:40:20 WAT" time="45.115" errors="0">
  <testcase name="TestOnGoogle" time="45.115" classname="demo3.SeleniumLoginTest"/>
  <system-out/>
</testsuite> <!-- demo3.SeleniumLoginTest -->
