<?xml version="1.0" encoding="UTF-8"?>
<!-- Generated by org.testng.reporters.JUnitReportReporter -->
<testsuite hostname="DESKTOP-PQAQEE1" failures="0" tests="4" name="Listener.TestNGListenersDemo2" time="12.527" errors="0" timestamp="2022-07-22T17:08:25 WAT" skipped="0">
  <testcase classname="Listener.TestNGListenersDemo2" name="Test8" time="0.003"/>
  <system-out/>
  <testcase classname="Listener.TestNGListenersDemo2" name="Test5" time="12.521"/>
  <system-out/>
  <testcase classname="Listener.TestNGListenersDemo2" name="Test6" time="0.001"/>
  <system-out/>
  <testcase classname="Listener.TestNGListenersDemo2" name="Test7" time="0.002"/>
  <system-out/>
</testsuite> <!-- Listener.TestNGListenersDemo2 -->
