<?xml version="1.0" encoding="UTF-8"?>
<!-- Generated by org.testng.reporters.JUnitReportReporter -->
<testsuite hostname="DESKTOP-PQAQEE1" failures="0" tests="2" name="demo3.testNGGroupsDemo" time="0.024" errors="0" timestamp="2022-07-30T13:15:37 WAT" skipped="0">
  <testcase classname="demo3.testNGGroupsDemo" name="Test3" time="0.004"/>
  <system-out/>
  <testcase classname="demo3.testNGGroupsDemo" name="Test2" time="0.020"/>
  <system-out/>
</testsuite> <!-- demo3.testNGGroupsDemo -->
