<?xml version="1.0" encoding="UTF-8"?>
<!-- Generated by org.testng.reporters.JUnitReportReporter -->
<testsuite hostname="DESKTOP-PQAQEE1" failures="0" tests="3" name="demo3.TestNGDependencyDemo" time="0.029" errors="0" timestamp="2022-07-23T10:42:15 WAT" skipped="0">
  <testcase classname="demo3.TestNGDependencyDemo" name="Test2" time="0.020"/>
  <system-out/>
  <testcase classname="demo3.TestNGDependencyDemo" name="Test3" time="0.006"/>
  <system-out/>
  <testcase classname="demo3.TestNGDependencyDemo" name="Test1" time="0.003"/>
  <system-out/>
</testsuite> <!-- demo3.TestNGDependencyDemo -->
