<?xml version="1.0" encoding="UTF-8"?>
<!-- Generated by org.testng.reporters.JUnitReportReporter -->
<testsuite hostname="DESKTOP-PQAQEE1" failures="0" tests="1" name="demo3.AutoITDemo" time="327.799" errors="0" timestamp="2022-07-30T12:31:55 WAT" skipped="0">
  <testcase classname="demo3.AutoITDemo" name="test" time="327.799"/>
  <system-out/>
</testsuite> <!-- demo3.AutoITDemo -->
