<?xml version="1.0" encoding="UTF-8"?>
<!-- Generated by org.testng.reporters.JUnitReportReporter -->
<testsuite hostname="DESKTOP-PQAQEE1" failures="0" tests="1" name="demo3.TestNGParametersDemo" time="0.022" errors="0" timestamp="2022-07-23T10:27:09 WAT" skipped="0">
  <testcase classname="demo3.TestNGParametersDemo" name="test" time="0.022"/>
  <system-out/>
</testsuite> <!-- demo3.TestNGParametersDemo -->
