<?xml version="1.0" encoding="UTF-8"?>
<!-- Generated by org.testng.reporters.JUnitReportReporter -->
<testsuite skipped="0" hostname="DESKTOP-PQAQEE1" name="demo3.TestNGPiorityDemo" tests="3" failures="0" timestamp="2022-07-29T09:42:34 WAT" time="0.032" errors="0">
  <testcase name="test2" time="0.025" classname="demo3.TestNGPiorityDemo"/>
  <system-out/>
  <testcase name="test1" time="0.003" classname="demo3.TestNGPiorityDemo"/>
  <system-out/>
  <testcase name="test3" time="0.004" classname="demo3.TestNGPiorityDemo"/>
  <system-out/>
</testsuite> <!-- demo3.TestNGPiorityDemo -->
