<?xml version="1.0" encoding="UTF-8"?>
<!-- Generated by org.testng.reporters.JUnitReportReporter -->
<testsuite hostname="DESKTOP-PQAQEE1" failures="0" tests="1" name="demo3.AutoITDemo" time="73.194" errors="0" timestamp="2022-07-27T11:20:51 WAT" skipped="0">
  <testcase classname="demo3.AutoITDemo" name="test" time="73.194"/>
  <system-out/>
</testsuite> <!-- demo3.AutoITDemo -->
