<?xml version="1.0" encoding="UTF-8"?>
<!-- Generated by org.testng.reporters.JUnitReportReporter -->
<testsuite hostname="DESKTOP-PQAQEE1" failures="0" tests="3" name="demo3.TestNGPiorityDemo" time="0.034" errors="0" timestamp="2022-07-22T18:02:34 WAT" skipped="0">
  <testcase classname="demo3.TestNGPiorityDemo" name="test2" time="0.026"/>
  <system-out/>
  <testcase classname="demo3.TestNGPiorityDemo" name="test1" time="0.004"/>
  <system-out/>
  <testcase classname="demo3.TestNGPiorityDemo" name="test3" time="0.004"/>
  <system-out/>
</testsuite> <!-- demo3.TestNGPiorityDemo -->
