<?xml version="1.0" encoding="UTF-8"?>
<!-- Generated by org.testng.reporters.JUnitReportReporter -->
<testsuite hostname="DESKTOP-PQAQEE1" failures="0" tests="2" name="Test.ExtentReportsDemoWithTestNG" time="27.329" errors="0" timestamp="2022-06-26T14:57:11 WAT" skipped="0">
  <testcase classname="Test.ExtentReportsDemoWithTestNG" name="test1" time="12.082"/>
  <system-out/>
  <testcase classname="Test.ExtentReportsDemoWithTestNG" name="test2" time="15.247"/>
  <system-out/>
</testsuite> <!-- Test.ExtentReportsDemoWithTestNG -->
