<?xml version="1.0" encoding="UTF-8"?>
<!-- Generated by org.testng.reporters.JUnitReportReporter -->
<testsuite hostname="DESKTOP-PQAQEE1" failures="0" tests="1" name="demo3.TestNGIgnoreDemo" time="0.016" errors="0" timestamp="2022-07-23T11:51:47 WAT" skipped="0">
  <testcase classname="demo3.TestNGIgnoreDemo" name="test2" time="0.016"/>
  <system-out/>
</testsuite> <!-- demo3.TestNGIgnoreDemo -->
