<?xml version="1.0" encoding="UTF-8"?>
<!-- Generated by org.testng.reporters.JUnitReportReporter -->
<testsuite hostname="DESKTOP-PQAQEE1" failures="0" tests="2" name="Test.GoogleSearchPageText_TestNG2" time="22.461" errors="0" timestamp="2022-07-17T12:45:49 WAT" skipped="0">
  <testcase classname="Test.GoogleSearchPageText_TestNG2" name="GoogleSearchTest2" time="16.427"/>
  <system-out/>
  <testcase classname="Test.GoogleSearchPageText_TestNG2" name="GoogleSearchTest3" time="6.034"/>
  <system-out/>
</testsuite> <!-- Test.GoogleSearchPageText_TestNG2 -->
