<?xml version="1.0" encoding="UTF-8"?>
<!-- Generated by org.testng.reporters.JUnitReportReporter -->
<testsuite hostname="DESKTOP-PQAQEE1" failures="0" tests="1" name="Test.GoogleSearchPageText_TestNG" time="7.290" errors="0" timestamp="2022-06-25T23:47:09 WAT" skipped="0">
  <testcase classname="Test.GoogleSearchPageText_TestNG" name="GoogleSearchTest" time="7.290"/>
  <system-out/>
</testsuite> <!-- Test.GoogleSearchPageText_TestNG -->
